<?xml version="1.0" encoding="UTF-8"?>
<testsuite xmlns:xsi="http://www.w3.org/2001/XMLSchema-instance" xsi:noNamespaceSchemaLocation="https://maven.apache.org/surefire/maven-surefire-plugin/xsd/surefire-test-report-3.0.xsd" version="3.0" name="SerializeNSerializeJsonTest" time="5.464" tests="1" errors="0" skipped="0" failures="0">
  <properties>
    <property name="java.specification.version" value="13"/>
    <property name="sun.jnu.encoding" value="UTF-8"/>
    <property name="java.class.path" value="/Users/sunilchinayyagari/Documents/GitHub/API_Json_Pojo/target/test-classes:/Users/sunilchinayyagari/Documents/GitHub/API_Json_Pojo/target/classes:/Users/sunilchinayyagari/.m2/repository/org/projectlombok/lombok/1.18.12/lombok-1.18.12.jar:/Users/sunilchinayyagari/.m2/repository/com/googlecode/json-simple/json-simple/1.1.1/json-simple-1.1.1.jar:/Users/sunilchinayyagari/.m2/repository/junit/junit/4.10/junit-4.10.jar:/Users/sunilchinayyagari/.m2/repository/org/hamcrest/hamcrest-core/1.1/hamcrest-core-1.1.jar:/Users/sunilchinayyagari/.m2/repository/com/google/code/gson/gson/2.8.6/gson-2.8.6.jar:/Users/sunilchinayyagari/.m2/repository/org/apache/maven/plugins/maven-compiler-plugin/3.8.1/maven-compiler-plugin-3.8.1.jar:/Users/sunilchinayyagari/.m2/repository/org/apache/maven/maven-plugin-api/3.0/maven-plugin-api-3.0.jar:/Users/sunilchinayyagari/.m2/repository/org/apache/maven/maven-model/3.0/maven-model-3.0.jar:/Users/sunilchinayyagari/.m2/repository/org/sonatype/sisu/sisu-inject-plexus/1.4.2/sisu-inject-plexus-1.4.2.jar:/Users/sunilchinayyagari/.m2/repository/org/sonatype/sisu/sisu-inject-bean/1.4.2/sisu-inject-bean-1.4.2.jar:/Users/sunilchinayyagari/.m2/repository/org/sonatype/sisu/sisu-guice/2.1.7/sisu-guice-2.1.7-noaop.jar:/Users/sunilchinayyagari/.m2/repository/org/apache/maven/maven-artifact/3.0/maven-artifact-3.0.jar:/Users/sunilchinayyagari/.m2/repository/org/codehaus/plexus/plexus-utils/2.0.4/plexus-utils-2.0.4.jar:/Users/sunilchinayyagari/.m2/repository/org/apache/maven/maven-core/3.0/maven-core-3.0.jar:/Users/sunilchinayyagari/.m2/repository/org/apache/maven/maven-settings/3.0/maven-settings-3.0.jar:/Users/sunilchinayyagari/.m2/repository/org/apache/maven/maven-settings-builder/3.0/maven-settings-builder-3.0.jar:/Users/sunilchinayyagari/.m2/repository/org/apache/maven/maven-repository-metadata/3.0/maven-repository-metadata-3.0.jar:/Users/sunilchinayyagari/.m2/repository/org/apache/maven/maven-model-builder/3.0/maven-model-builder-3.0.jar:/Users/sunilchinayyagari/.m2/repository/org/apache/maven/maven-aether-provider/3.0/maven-aether-provider-3.0.jar:/Users/sunilchinayyagari/.m2/repository/org/sonatype/aether/aether-impl/1.7/aether-impl-1.7.jar:/Users/sunilchinayyagari/.m2/repository/org/sonatype/aether/aether-spi/1.7/aether-spi-1.7.jar:/Users/sunilchinayyagari/.m2/repository/org/sonatype/aether/aether-api/1.7/aether-api-1.7.jar:/Users/sunilchinayyagari/.m2/repository/org/sonatype/aether/aether-util/1.7/aether-util-1.7.jar:/Users/sunilchinayyagari/.m2/repository/org/codehaus/plexus/plexus-interpolation/1.14/plexus-interpolation-1.14.jar:/Users/sunilchinayyagari/.m2/repository/org/codehaus/plexus/plexus-classworlds/2.2.3/plexus-classworlds-2.2.3.jar:/Users/sunilchinayyagari/.m2/repository/org/codehaus/plexus/plexus-component-annotations/1.5.5/plexus-component-annotations-1.5.5.jar:/Users/sunilchinayyagari/.m2/repository/org/sonatype/plexus/plexus-sec-dispatcher/1.3/plexus-sec-dispatcher-1.3.jar:/Users/sunilchinayyagari/.m2/repository/org/sonatype/plexus/plexus-cipher/1.4/plexus-cipher-1.4.jar:/Users/sunilchinayyagari/.m2/repository/org/apache/maven/shared/maven-shared-utils/3.2.1/maven-shared-utils-3.2.1.jar:/Users/sunilchinayyagari/.m2/repository/commons-io/commons-io/2.5/commons-io-2.5.jar:/Users/sunilchinayyagari/.m2/repository/org/apache/maven/shared/maven-shared-incremental/1.1/maven-shared-incremental-1.1.jar:/Users/sunilchinayyagari/.m2/repository/org/codehaus/plexus/plexus-java/0.9.10/plexus-java-0.9.10.jar:/Users/sunilchinayyagari/.m2/repository/org/ow2/asm/asm/6.2/asm-6.2.jar:/Users/sunilchinayyagari/.m2/repository/com/thoughtworks/qdox/qdox/2.0-M8/qdox-2.0-M8.jar:/Users/sunilchinayyagari/.m2/repository/org/codehaus/plexus/plexus-compiler-api/2.8.4/plexus-compiler-api-2.8.4.jar:/Users/sunilchinayyagari/.m2/repository/org/codehaus/plexus/plexus-compiler-manager/2.8.4/plexus-compiler-manager-2.8.4.jar:/Users/sunilchinayyagari/.m2/repository/org/codehaus/plexus/plexus-compiler-javac/2.8.4/plexus-compiler-javac-2.8.4.jar:/Users/sunilchinayyagari/.m2/repository/org/testng/testng/7.1.0/testng-7.1.0.jar:/Users/sunilchinayyagari/.m2/repository/com/beust/jcommander/1.72/jcommander-1.72.jar:/Users/sunilchinayyagari/.m2/repository/com/google/inject/guice/4.1.0/guice-4.1.0-no_aop.jar:/Users/sunilchinayyagari/.m2/repository/javax/inject/javax.inject/1/javax.inject-1.jar:/Users/sunilchinayyagari/.m2/repository/aopalliance/aopalliance/1.0/aopalliance-1.0.jar:/Users/sunilchinayyagari/.m2/repository/com/google/guava/guava/19.0/guava-19.0.jar:/Users/sunilchinayyagari/.m2/repository/org/yaml/snakeyaml/1.21/snakeyaml-1.21.jar:"/>
    <property name="java.vm.vendor" value="AdoptOpenJDK"/>
    <property name="sun.arch.data.model" value="64"/>
    <property name="java.vendor.url" value="https://adoptopenjdk.net/"/>
    <property name="user.timezone" value="America/New_York"/>
    <property name="os.name" value="Mac OS X"/>
    <property name="java.vm.specification.version" value="13"/>
    <property name="sun.java.launcher" value="SUN_STANDARD"/>
    <property name="user.country" value="US"/>
    <property name="sun.boot.library.path" value="/Library/Java/JavaVirtualMachines/adoptopenjdk-13.jdk/Contents/Home/lib"/>
    <property name="sun.java.command" value="/Users/sunilchinayyagari/Documents/GitHub/API_Json_Pojo/target/surefire/surefirebooter1803392352077593783.jar /Users/sunilchinayyagari/Documents/GitHub/API_Json_Pojo/target/surefire 2020-04-25T23-50-47_992-jvmRun1 surefire9485843224553874327tmp surefire_03779232754130462760tmp"/>
    <property name="http.nonProxyHosts" value="local|*.local|169.254/16|*.169.254/16"/>
    <property name="jdk.debug" value="release"/>
    <property name="surefire.test.class.path" value="/Users/sunilchinayyagari/Documents/GitHub/API_Json_Pojo/target/test-classes:/Users/sunilchinayyagari/Documents/GitHub/API_Json_Pojo/target/classes:/Users/sunilchinayyagari/.m2/repository/org/projectlombok/lombok/1.18.12/lombok-1.18.12.jar:/Users/sunilchinayyagari/.m2/repository/com/googlecode/json-simple/json-simple/1.1.1/json-simple-1.1.1.jar:/Users/sunilchinayyagari/.m2/repository/junit/junit/4.10/junit-4.10.jar:/Users/sunilchinayyagari/.m2/repository/org/hamcrest/hamcrest-core/1.1/hamcrest-core-1.1.jar:/Users/sunilchinayyagari/.m2/repository/com/google/code/gson/gson/2.8.6/gson-2.8.6.jar:/Users/sunilchinayyagari/.m2/repository/org/apache/maven/plugins/maven-compiler-plugin/3.8.1/maven-compiler-plugin-3.8.1.jar:/Users/sunilchinayyagari/.m2/repository/org/apache/maven/maven-plugin-api/3.0/maven-plugin-api-3.0.jar:/Users/sunilchinayyagari/.m2/repository/org/apache/maven/maven-model/3.0/maven-model-3.0.jar:/Users/sunilchinayyagari/.m2/repository/org/sonatype/sisu/sisu-inject-plexus/1.4.2/sisu-inject-plexus-1.4.2.jar:/Users/sunilchinayyagari/.m2/repository/org/sonatype/sisu/sisu-inject-bean/1.4.2/sisu-inject-bean-1.4.2.jar:/Users/sunilchinayyagari/.m2/repository/org/sonatype/sisu/sisu-guice/2.1.7/sisu-guice-2.1.7-noaop.jar:/Users/sunilchinayyagari/.m2/repository/org/apache/maven/maven-artifact/3.0/maven-artifact-3.0.jar:/Users/sunilchinayyagari/.m2/repository/org/codehaus/plexus/plexus-utils/2.0.4/plexus-utils-2.0.4.jar:/Users/sunilchinayyagari/.m2/repository/org/apache/maven/maven-core/3.0/maven-core-3.0.jar:/Users/sunilchinayyagari/.m2/repository/org/apache/maven/maven-settings/3.0/maven-settings-3.0.jar:/Users/sunilchinayyagari/.m2/repository/org/apache/maven/maven-settings-builder/3.0/maven-settings-builder-3.0.jar:/Users/sunilchinayyagari/.m2/repository/org/apache/maven/maven-repository-metadata/3.0/maven-repository-metadata-3.0.jar:/Users/sunilchinayyagari/.m2/repository/org/apache/maven/maven-model-builder/3.0/maven-model-builder-3.0.jar:/Users/sunilchinayyagari/.m2/repository/org/apache/maven/maven-aether-provider/3.0/maven-aether-provider-3.0.jar:/Users/sunilchinayyagari/.m2/repository/org/sonatype/aether/aether-impl/1.7/aether-impl-1.7.jar:/Users/sunilchinayyagari/.m2/repository/org/sonatype/aether/aether-spi/1.7/aether-spi-1.7.jar:/Users/sunilchinayyagari/.m2/repository/org/sonatype/aether/aether-api/1.7/aether-api-1.7.jar:/Users/sunilchinayyagari/.m2/repository/org/sonatype/aether/aether-util/1.7/aether-util-1.7.jar:/Users/sunilchinayyagari/.m2/repository/org/codehaus/plexus/plexus-interpolation/1.14/plexus-interpolation-1.14.jar:/Users/sunilchinayyagari/.m2/repository/org/codehaus/plexus/plexus-classworlds/2.2.3/plexus-classworlds-2.2.3.jar:/Users/sunilchinayyagari/.m2/repository/org/codehaus/plexus/plexus-component-annotations/1.5.5/plexus-component-annotations-1.5.5.jar:/Users/sunilchinayyagari/.m2/repository/org/sonatype/plexus/plexus-sec-dispatcher/1.3/plexus-sec-dispatcher-1.3.jar:/Users/sunilchinayyagari/.m2/repository/org/sonatype/plexus/plexus-cipher/1.4/plexus-cipher-1.4.jar:/Users/sunilchinayyagari/.m2/repository/org/apache/maven/shared/maven-shared-utils/3.2.1/maven-shared-utils-3.2.1.jar:/Users/sunilchinayyagari/.m2/repository/commons-io/commons-io/2.5/commons-io-2.5.jar:/Users/sunilchinayyagari/.m2/repository/org/apache/maven/shared/maven-shared-incremental/1.1/maven-shared-incremental-1.1.jar:/Users/sunilchinayyagari/.m2/repository/org/codehaus/plexus/plexus-java/0.9.10/plexus-java-0.9.10.jar:/Users/sunilchinayyagari/.m2/repository/org/ow2/asm/asm/6.2/asm-6.2.jar:/Users/sunilchinayyagari/.m2/repository/com/thoughtworks/qdox/qdox/2.0-M8/qdox-2.0-M8.jar:/Users/sunilchinayyagari/.m2/repository/org/codehaus/plexus/plexus-compiler-api/2.8.4/plexus-compiler-api-2.8.4.jar:/Users/sunilchinayyagari/.m2/repository/org/codehaus/plexus/plexus-compiler-manager/2.8.4/plexus-compiler-manager-2.8.4.jar:/Users/sunilchinayyagari/.m2/repository/org/codehaus/plexus/plexus-compiler-javac/2.8.4/plexus-compiler-javac-2.8.4.jar:/Users/sunilchinayyagari/.m2/repository/org/testng/testng/7.1.0/testng-7.1.0.jar:/Users/sunilchinayyagari/.m2/repository/com/beust/jcommander/1.72/jcommander-1.72.jar:/Users/sunilchinayyagari/.m2/repository/com/google/inject/guice/4.1.0/guice-4.1.0-no_aop.jar:/Users/sunilchinayyagari/.m2/repository/javax/inject/javax.inject/1/javax.inject-1.jar:/Users/sunilchinayyagari/.m2/repository/aopalliance/aopalliance/1.0/aopalliance-1.0.jar:/Users/sunilchinayyagari/.m2/repository/com/google/guava/guava/19.0/guava-19.0.jar:/Users/sunilchinayyagari/.m2/repository/org/yaml/snakeyaml/1.21/snakeyaml-1.21.jar:"/>
    <property name="sun.cpu.endian" value="little"/>
    <property name="user.home" value="/Users/sunilchinayyagari"/>
    <property name="user.language" value="en"/>
    <property name="java.specification.vendor" value="Oracle Corporation"/>
    <property name="java.version.date" value="2020-01-14"/>
    <property name="java.home" value="/Library/Java/JavaVirtualMachines/adoptopenjdk-13.jdk/Contents/Home"/>
    <property name="file.separator" value="/"/>
    <property name="basedir" value="/Users/sunilchinayyagari/Documents/GitHub/API_Json_Pojo"/>
    <property name="java.vm.compressedOopsMode" value="Zero based"/>
    <property name="line.separator" value="&#10;"/>
    <property name="java.specification.name" value="Java Platform API Specification"/>
    <property name="java.vm.specification.vendor" value="Oracle Corporation"/>
    <property name="surefire.real.class.path" value="/Users/sunilchinayyagari/Documents/GitHub/API_Json_Pojo/target/surefire/surefirebooter1803392352077593783.jar"/>
    <property name="sun.management.compiler" value="HotSpot 64-Bit Tiered Compilers"/>
    <property name="ftp.nonProxyHosts" value="local|*.local|169.254/16|*.169.254/16"/>
    <property name="java.runtime.version" value="13.0.2+8"/>
    <property name="user.name" value="sunilchinayyagari"/>
    <property name="path.separator" value=":"/>
    <property name="os.version" value="10.15.4"/>
    <property name="java.runtime.name" value="OpenJDK Runtime Environment"/>
    <property name="file.encoding" value="UTF-8"/>
    <property name="java.vm.name" value="OpenJDK 64-Bit Server VM"/>
    <property name="java.vendor.version" value="AdoptOpenJDK"/>
    <property name="localRepository" value="/Users/sunilchinayyagari/.m2/repository"/>
    <property name="java.vendor.url.bug" value="https://github.com/AdoptOpenJDK/openjdk-support/issues"/>
    <property name="java.io.tmpdir" value="/var/folders/kw/s6f1dlb11tlbyrbjrrkmhwfr0000gn/T/"/>
    <property name="java.version" value="13.0.2"/>
    <property name="user.dir" value="/Users/sunilchinayyagari/Documents/GitHub/API_Json_Pojo"/>
    <property name="os.arch" value="x86_64"/>
    <property name="java.vm.specification.name" value="Java Virtual Machine Specification"/>
    <property name="java.library.path" value="/Users/sunilchinayyagari/Library/Java/Extensions:/Library/Java/Extensions:/Network/Library/Java/Extensions:/System/Library/Java/Extensions:/usr/lib/java:."/>
    <property name="java.vm.info" value="mixed mode, sharing"/>
    <property name="java.vendor" value="AdoptOpenJDK"/>
    <property name="java.vm.version" value="13.0.2+8"/>
    <property name="sun.io.unicode.encoding" value="UnicodeBig"/>
    <property name="socksNonProxyHosts" value="local|*.local|169.254/16|*.169.254/16"/>
    <property name="java.class.version" value="57.0"/>
  </properties>
  <testcase name="SerializeTest" classname="SerializeNSerializeJsonTest" time="0.004"/>
</testsuite>