<?xml version="1.0" encoding="UTF-8"?>
<!-- Generated by org.testng.reporters.JUnitReportReporter -->
<testsuite hostname="sunils-MacBook-Pro.local" failures="0" tests="1" name="SerializeNDeSerializeComplexJsonTest" time="0.003" errors="0" timestamp="2020-04-26T20:46:34 EDT" skipped="0">
  <testcase classname="SerializeNDeSerializeComplexJsonTest" name="TestDeSerializeFromFileRead" time="0.003"/>
  <system-out/>
</testsuite> <!-- SerializeNDeSerializeComplexJsonTest -->
