<?xml version="1.0" encoding="UTF-8"?>
<!-- Generated by org.testng.reporters.JUnitReportReporter -->
<testsuite hostname="sunils-MacBook-Pro.local" failures="0" tests="1" name="SerializeNSerializeJsonTest" time="0.002" errors="0" timestamp="2020-04-25T23:50:54 EDT" skipped="0">
  <testcase classname="SerializeNSerializeJsonTest" name="SerializeTest" time="0.002"/>
  <system-out/>
</testsuite> <!-- SerializeNSerializeJsonTest -->
