<?xml version="1.0" encoding="UTF-8"?>
<!-- Generated by org.testng.reporters.JUnitReportReporter -->
<testsuite hostname="sunils-MacBook-Pro.local" failures="0" tests="4" name="SerializeNDeSerializeJsonTest" time="0.113" errors="0" timestamp="2020-04-26T01:57:56 EDT" skipped="0">
  <testcase classname="SerializeNDeSerializeJsonTest" name="TestDeSerialize" time="0.002"/>
  <system-out/>
  <testcase classname="SerializeNDeSerializeJsonTest" name="TestSerializeAndFileWrite" time="0.107"/>
  <system-out/>
  <testcase classname="SerializeNDeSerializeJsonTest" name="TestDeSerializeFromFileRead" time="0.002"/>
  <system-out/>
  <testcase classname="SerializeNDeSerializeJsonTest" name="TestSerialize" time="0.002"/>
  <system-out/>
</testsuite> <!-- SerializeNDeSerializeJsonTest -->
